
 ---------------------------------------------------
 |                                                 |
 |              S A M B V C A  2.1                 |
 |                                                 |
 |              Release 29-06-2019                 |
 |                                                 |
 |       Molecular Buried Volume Calculator        |
 |                                                 |
 |  http://www.molnac.unisa.it/OM-tools/SambVca    |
 |                                                 |
 |  L. Cavallo & Z. Cao  Email: lcavallo@unisa.it  |
 |                                                 |
 ---------------------------------------------------

Checking: No. of atoms to be removed :                     0
Checking: No. of atoms defining the sphere center :        1
Checking: Atoms defining the sphere center :
    1
Checking : No. of atoms defining the Z-axis :              1
    2
Checking : No. of atoms defining the XZ-plane :            1
    3
 Checking: Vbur sphere radius :            3.500
 Checking: Displacement from origin :      0.000
 Checking: Bin width :                     0.100
 Checking: Keeping H atoms
 Checking: Outputting steric map
 Checking: No. of atom types in your database :           2
 Checking: Atom labels and radius in the database :
C    1.700
H    1.090

Checking: No. of atoms of input frame :                   18

Checking: Coordinates of input frame :
H       0.00000   0.00000   0.00000
C      -1.06000   0.00000   0.00000
C      -1.75000   0.85000   0.85000
H      -1.22000   1.49000   1.49000
C      -3.13000   0.84000   0.84000
H      -3.66000   1.49000   1.49000
C      -3.82000   0.00000   0.00000
H      -4.88000   0.00000   0.00000
C      -3.13000  -0.85000  -0.85000
C      -1.75000  -0.85000  -0.85000
C      -1.06000  -1.69000  -1.69000
H       0.00000  -1.69000  -1.69000
C      -1.75000  -2.54000  -2.54000
H      -1.22000  -3.18000  -3.18000
C      -3.13000  -2.54000  -2.54000
H      -3.66000  -3.18000  -3.18000
C      -3.82000  -1.69000  -1.69000
H      -4.88000  -1.69000  -1.69000

Results: Coordinates of rotated frame :
          18
1nap                                   
H       0.00000   0.00000   0.00000
C       0.00000   0.00000  -1.06000
C       1.20208  -0.00000  -1.75000
H       2.10718  -0.00000  -1.22000
C       1.18794  -0.00000  -3.13000
H       2.10718  -0.00000  -3.66000
C       0.00000  -0.00000  -3.82000
H      -0.00000  -0.00000  -4.88000
C      -1.20208   0.00000  -3.13000
C      -1.20208   0.00000  -1.75000
C      -2.39002   0.00000  -1.06000
H      -2.39002   0.00000  -0.00000
C      -3.59210   0.00000  -1.75000
H      -4.49720   0.00000  -1.22000
C      -3.59210   0.00000  -3.13000
H      -4.49720   0.00000  -3.66000
C      -2.39002   0.00000  -3.82000
H      -2.39002   0.00000  -4.88000

Results : Volumes in Angs^3

       N of voxels examined :          179579
       Volume of voxel      :       0.0010000


   V Free    V Buried   V Total   V Exact
     123.8      55.6     179.4     179.6

    Buried volume =      55.61 Angs^3

   %V Free   %V Buried  % V Tot/V Ex
      69.0      31.0      99.9

    The %V Bur of the molecule is:     31.0

                 Quadrants analysis
 Quadrant     V f     V b     V t    %V f    %V b
 SW          29.0    15.8    44.9    64.7    35.3
 NW          29.0    15.8    44.9    64.7    35.3
 NE          32.9    12.0    44.9    73.3    26.7
 SE          32.9    12.0    44.9    73.3    26.7

                   Octants analysis
 Octant       V f      V b    V t    %V f    %V b
 SW-z         8.8    13.6    22.4    39.4    60.6
 NW-z         8.8    13.6    22.4    39.4    60.6
 NE-z        11.2    11.2    22.4    49.9    50.1
 SE-z        11.2    11.2    22.4    49.9    50.1
 SW+z        20.2     2.2    22.4    90.1     9.9
 NW+z        20.2     2.2    22.4    90.1     9.9
 NE+z        21.7     0.7    22.4    96.7     3.3
 SE+z        21.7     0.7    22.4    96.7     3.3

  No. of frames analyzed :            1

 Normal termination
