
 ---------------------------------------------------
 |                                                 |
 |              S A M B V C A  2.1                 |
 |                                                 |
 |              Release 29-06-2019                 |
 |                                                 |
 |       Molecular Buried Volume Calculator        |
 |                                                 |
 |  http://www.molnac.unisa.it/OM-tools/SambVca    |
 |                                                 |
 |  L. Cavallo & Z. Cao  Email: lcavallo@unisa.it  |
 |                                                 |
 ---------------------------------------------------

Checking: No. of atoms to be removed :                     0
Checking: No. of atoms defining the sphere center :        1
Checking: Atoms defining the sphere center :
    1
Checking : No. of atoms defining the Z-axis :              1
    2
Checking : No. of atoms defining the XZ-plane :            1
    3
 Checking: Vbur sphere radius :            3.500
 Checking: Displacement from origin :      0.000
 Checking: Bin width :                     0.100
 Checking: Keeping H atoms
 Checking: Outputting steric map
 Checking: No. of atom types in your database :           2
 Checking: Atom labels and radius in the database :
C    1.700
H    1.090

Checking: No. of atoms of input frame :                   18

Checking: Coordinates of input frame :
H       0.00223   2.86379  -0.00078
C       0.00195   1.80379  -0.00049
C       1.20384   1.11347  -0.00030
H       2.10908   1.64323  -0.00045
C       1.18933  -0.26653   0.00007
C       2.49021  -1.01688   0.00028
H       2.80836  -1.19668   1.03977
H       2.36267  -1.97698  -0.52272
H       3.26111  -0.42722  -0.51607
C       0.00121  -0.95621   0.00026
H       0.00092  -2.01621   0.00055
C      -1.20069  -0.26588   0.00007
C      -2.48783  -1.01554   0.00028
H      -2.80607  -1.19517   1.03977
H      -3.25841  -0.42547  -0.51607
H      -2.36081  -1.97571  -0.52272
C      -1.20032   1.11412  -0.00030
H      -2.10527   1.64436  -0.00045

Results: Coordinates of rotated frame :
          18
35diMePh.log                           
H       0.00000   0.00000   0.00000
C      -0.00000  -0.00000  -1.06000
C       1.20207  -0.00000  -1.75000
H       2.10717   0.00001  -1.22000
C       1.18793   0.00001  -3.13001
C       2.48900   0.00000  -3.88001
H       2.80720  -1.03944  -4.06001
H       2.36172   0.52327  -4.84000
H       3.25975   0.51619  -3.29001
C      -0.00001   0.00001  -3.82000
H      -0.00002   0.00001  -4.88000
C      -1.20209   0.00001  -3.12999
C      -2.48904  -0.00000  -3.87999
H      -2.80723  -1.03944  -4.05999
H      -3.25977   0.51619  -3.28998
H      -2.36176   0.52326  -4.83998
C      -1.20209  -0.00000  -1.74999
H      -2.10718   0.00000  -1.21999

Results : Volumes in Angs^3

       N of voxels examined :          179579
       Volume of voxel      :       0.0010000


   V Free    V Buried   V Total   V Exact
     131.5      48.0     179.4     179.6

    Buried volume =      47.96 Angs^3

   %V Free   %V Buried  % V Tot/V Ex
      73.3      26.7      99.9

    The %V Bur of the molecule is:     26.7

                 Quadrants analysis
 Quadrant     V f     V b     V t    %V f    %V b
 SW          32.9    12.0    44.9    73.3    26.7
 NW          32.9    12.0    44.9    73.3    26.7
 NE          32.9    12.0    44.9    73.3    26.7
 SE          32.9    12.0    44.9    73.3    26.7

                   Octants analysis
 Octant       V f      V b    V t    %V f    %V b
 SW-z        11.2    11.2    22.4    49.9    50.1
 NW-z        11.2    11.2    22.4    49.9    50.1
 NE-z        11.2    11.2    22.4    49.9    50.1
 SE-z        11.2    11.2    22.4    49.9    50.1
 SW+z        21.7     0.7    22.4    96.7     3.3
 NW+z        21.7     0.7    22.4    96.7     3.3
 NE+z        21.7     0.7    22.4    96.7     3.3
 SE+z        21.7     0.7    22.4    96.7     3.3

  No. of frames analyzed :            1

 Normal termination
