
 ---------------------------------------------------
 |                                                 |
 |              S A M B V C A  2.1                 |
 |                                                 |
 |              Release 29-06-2019                 |
 |                                                 |
 |       Molecular Buried Volume Calculator        |
 |                                                 |
 |  http://www.molnac.unisa.it/OM-tools/SambVca    |
 |                                                 |
 |  L. Cavallo & Z. Cao  Email: lcavallo@unisa.it  |
 |                                                 |
 ---------------------------------------------------

Checking: No. of atoms to be removed :                     0
Checking: No. of atoms defining the sphere center :        1
Checking: Atoms defining the sphere center :
    1
Checking : No. of atoms defining the Z-axis :              1
    2
Checking : No. of atoms defining the XZ-plane :            1
    3
 Checking: Vbur sphere radius :            3.500
 Checking: Displacement from origin :      0.000
 Checking: Bin width :                     0.100
 Checking: Keeping H atoms
 Checking: Outputting steric map
 Checking: No. of atom types in your database :           2
 Checking: Atom labels and radius in the database :
C    1.700
H    1.090

Checking: No. of atoms of input frame :                   15

Checking: Coordinates of input frame :
H       2.93180  -0.00090   0.00000
C       1.87180  -0.00119   0.00000
C       1.18213  -1.20346   0.00000
H       1.71237  -2.10841   0.00000
C      -0.19788  -1.18969   0.00000
H      -0.72762  -2.10907   0.00000
C      -0.88820  -0.00194   0.00000
C      -2.38820  -0.00235   0.00000
H      -2.75820  -0.00245   1.03238
H      -2.75844   0.89558  -0.51619
H      -2.75795  -0.90047  -0.51619
C      -0.19853   1.20033   0.00000
H      -0.72877   2.10528   0.00000
C       1.18147   1.20071   0.00000
H       1.71123   2.10595   0.00000

Results: Coordinates of rotated frame :
          15
4MePh.log                              
H       0.00000   0.00000   0.00000
C      -0.00000   0.00000  -1.06000
C       1.20208   0.00000  -1.75000
H       2.10718  -0.00000  -1.22001
C       1.18793  -0.00000  -3.13001
H       2.10717   0.00000  -3.66000
C      -0.00001   0.00000  -3.82000
C      -0.00001   0.00000  -5.32000
H      -0.00001  -1.03238  -5.69000
H      -0.89804   0.51619  -5.68999
H       0.89801   0.51619  -5.69000
C      -1.20209   0.00000  -3.13000
H      -2.10718   0.00000  -3.65999
C      -1.20209   0.00000  -1.75000
H      -2.10718   0.00000  -1.21999

Results : Volumes in Angs^3

       N of voxels examined :          179579
       Volume of voxel      :       0.0010000


   V Free    V Buried   V Total   V Exact
     131.5      48.0     179.4     179.6

    Buried volume =      47.95 Angs^3

   %V Free   %V Buried  % V Tot/V Ex
      73.3      26.7      99.9

    The %V Bur of the molecule is:     26.7

                 Quadrants analysis
 Quadrant     V f     V b     V t    %V f    %V b
 SW          32.9    12.0    44.9    73.3    26.7
 NW          32.9    12.0    44.9    73.3    26.7
 NE          32.9    12.0    44.9    73.3    26.7
 SE          32.9    12.0    44.9    73.3    26.7

                   Octants analysis
 Octant       V f      V b    V t    %V f    %V b
 SW-z        11.2    11.2    22.4    49.9    50.1
 NW-z        11.2    11.2    22.4    49.9    50.1
 NE-z        11.2    11.2    22.4    49.9    50.1
 SE-z        11.2    11.2    22.4    49.9    50.1
 SW+z        21.7     0.7    22.4    96.7     3.3
 NW+z        21.7     0.7    22.4    96.7     3.3
 NE+z        21.7     0.7    22.4    96.7     3.3
 SE+z        21.7     0.7    22.4    96.7     3.3

  No. of frames analyzed :            1

 Normal termination
