
 ---------------------------------------------------
 |                                                 |
 |              S A M B V C A  2.1                 |
 |                                                 |
 |              Release 29-06-2019                 |
 |                                                 |
 |       Molecular Buried Volume Calculator        |
 |                                                 |
 |  http://www.molnac.unisa.it/OM-tools/SambVca    |
 |                                                 |
 |  L. Cavallo & Z. Cao  Email: lcavallo@unisa.it  |
 |                                                 |
 ---------------------------------------------------

Checking: No. of atoms to be removed :                     0
Checking: No. of atoms defining the sphere center :        1
Checking: Atoms defining the sphere center :
    1
Checking : No. of atoms defining the Z-axis :              1
    2
Checking : No. of atoms defining the XZ-plane :            1
    3
 Checking: Vbur sphere radius :            3.500
 Checking: Displacement from origin :      0.000
 Checking: Bin width :                     0.100
 Checking: Keeping H atoms
 Checking: Outputting steric map
 Checking: No. of atom types in your database :           2
 Checking: Atom labels and radius in the database :
C    1.700
H    1.090

Checking: No. of atoms of input frame :                   15

Checking: Coordinates of input frame :
H       2.75516  -0.00279   1.03738
C       2.38860  -0.00219   0.00025
H       2.75345   0.89524  -0.52062
H       2.75052  -0.90081  -0.52062
C       0.88860   0.00025   0.00009
C       0.20056   1.20345   0.00002
H       0.73538   2.11475   0.00243
C      -1.17946   1.19156  -0.00012
H      -1.71128   2.11874  -0.00253
C      -1.87139   0.00475  -0.00019
H      -2.93473   0.00648   0.00441
C      -1.18335  -1.19846  -0.00012
H      -1.71817  -2.10976  -0.00253
C       0.19664  -1.20071   0.00002
H       0.72849  -2.11374   0.00243

Results: Coordinates of rotated frame :
          15
Bn.log                                 
H       0.00000   0.00000   0.00000
C       0.00000   0.00000  -1.10000
H       1.03581   0.00000  -1.47001
H      -0.52133  -0.89505  -1.47001
C      -0.70477   1.22609  -1.60001
C       0.01321   2.38914  -1.83001
H       1.05424   2.40845  -1.65001
C      -0.64743   3.51010  -2.29001
H      -0.09453   4.40699  -2.47001
C      -2.00154   3.48210  -2.52000
H      -2.50193   4.35263  -2.87001
C      -2.71953   2.31904  -2.29000
H      -3.76056   2.29973  -2.47000
C      -2.07115   1.19104  -1.83000
H      -2.61178   0.30120  -1.65000

Results : Volumes in Angs^3

       N of voxels examined :          179579
       Volume of voxel      :       0.0010000


   V Free    V Buried   V Total   V Exact
     133.2      46.3     179.4     179.6

    Buried volume =      46.29 Angs^3

   %V Free   %V Buried  % V Tot/V Ex
      74.2      25.8      99.9

    The %V Bur of the molecule is:     25.8

                 Quadrants analysis
 Quadrant     V f     V b     V t    %V f    %V b
 SW          36.8     8.1    44.9    82.0    18.0
 NW          24.9    20.0    44.9    55.4    44.6
 NE          32.7    12.2    44.9    72.9    27.1
 SE          38.8     6.1    44.9    86.5    13.5

                   Octants analysis
 Octant       V f      V b    V t    %V f    %V b
 SW-z        15.1     7.4    22.4    67.2    32.8
 NW-z         3.2    19.2    22.4    14.3    85.7
 NE-z        11.0    11.5    22.4    49.0    51.0
 SE-z        17.1     5.3    22.4    76.2    23.8
 SW+z        21.7     0.7    22.4    96.8     3.2
 NW+z        21.7     0.8    22.4    96.6     3.4
 NE+z        21.7     0.7    22.4    96.8     3.2
 SE+z        21.7     0.7    22.4    96.8     3.2

  No. of frames analyzed :            1

 Normal termination
