
 ---------------------------------------------------
 |                                                 |
 |              S A M B V C A  2.1                 |
 |                                                 |
 |              Release 29-06-2019                 |
 |                                                 |
 |       Molecular Buried Volume Calculator        |
 |                                                 |
 |  http://www.molnac.unisa.it/OM-tools/SambVca    |
 |                                                 |
 |  L. Cavallo & Z. Cao  Email: lcavallo@unisa.it  |
 |                                                 |
 ---------------------------------------------------

Checking: No. of atoms to be removed :                     0
Checking: No. of atoms defining the sphere center :        1
Checking: Atoms defining the sphere center :
    1
Checking : No. of atoms defining the Z-axis :              1
    2
Checking : No. of atoms defining the XZ-plane :            1
    3
 Checking: Vbur sphere radius :            3.500
 Checking: Displacement from origin :      0.000
 Checking: Bin width :                     0.100
 Checking: Keeping H atoms
 Checking: Outputting steric map
 Checking: No. of atom types in your database :           2
 Checking: Atom labels and radius in the database :
C    1.700
H    1.090

Checking: No. of atoms of input frame :                   14

Checking: Coordinates of input frame :
H      -1.79822  -1.20747  -0.26138
C      -1.43372  -0.23707   0.10666
H      -2.08937   0.56708  -0.25841
H      -1.43020  -0.23613   1.20657
C       0.00138  -0.00198  -0.41018
H       0.00117   0.00591  -1.50673
C       0.51168   1.35658   0.10508
H       1.53162   1.53073  -0.25836
H      -0.15271   2.16493  -0.26242
H       0.51165   1.35540   1.21409
C       0.92123  -1.12115   0.10542
H       1.94117  -0.94700  -0.25802
H       0.92475  -1.12022   1.20532
H       0.55673  -2.09155  -0.26262

Results: Coordinates of rotated frame :
          14
CH2iPr.log                             
H       0.00000   0.00000   0.00000
C       0.00000   0.00000  -1.10000
H       1.03581   0.00000  -1.47000
H      -0.52133  -0.89506  -1.47000
C      -0.72590   1.26288  -1.61000
H      -0.20457   2.15792  -1.25001
C      -0.72590   1.26287  -3.15000
H      -1.24038   2.15792  -3.52000
H       0.31956   1.26027  -3.52000
H      -1.24984   0.35817  -3.52000
C      -2.17656   1.26094  -1.10001
H      -2.69104   2.15599  -1.47001
H      -2.69789   0.36589  -1.47000
H      -2.17656   1.26094  -0.00001

Results : Volumes in Angs^3

       N of voxels examined :          179579
       Volume of voxel      :       0.0010000


   V Free    V Buried   V Total   V Exact
     130.7      48.7     179.4     179.6

    Buried volume =      48.74 Angs^3

   %V Free   %V Buried  % V Tot/V Ex
      72.8      27.2      99.9

    The %V Bur of the molecule is:     27.2

                 Quadrants analysis
 Quadrant     V f     V b     V t    %V f    %V b
 SW          36.3     8.5    44.9    81.0    19.0
 NW          20.3    24.6    44.9    45.2    54.8
 NE          35.3     9.5    44.9    78.8    21.2
 SE          38.8     6.1    44.9    86.4    13.6

                   Octants analysis
 Octant       V f      V b    V t    %V f    %V b
 SW-z        14.6     7.8    22.4    65.3    34.7
 NW-z         1.4    21.0    22.4     6.2    93.8
 NE-z        13.6     8.8    22.4    60.8    39.2
 SE-z        17.1     5.4    22.4    76.0    24.0
 SW+z        21.7     0.7    22.4    96.8     3.2
 NW+z        18.9     3.6    22.4    84.1    15.9
 NE+z        21.7     0.7    22.4    96.8     3.2
 SE+z        21.7     0.7    22.4    96.8     3.2

  No. of frames analyzed :            1

 Normal termination
