
 ---------------------------------------------------
 |                                                 |
 |              S A M B V C A  2.1                 |
 |                                                 |
 |              Release 29-06-2019                 |
 |                                                 |
 |       Molecular Buried Volume Calculator        |
 |                                                 |
 |  http://www.molnac.unisa.it/OM-tools/SambVca    |
 |                                                 |
 |  L. Cavallo & Z. Cao  Email: lcavallo@unisa.it  |
 |                                                 |
 ---------------------------------------------------

Checking: No. of atoms to be removed :                     0
Checking: No. of atoms defining the sphere center :        1
Checking: Atoms defining the sphere center :
    1
Checking : No. of atoms defining the Z-axis :              1
    2
Checking : No. of atoms defining the XZ-plane :            1
    3
 Checking: Vbur sphere radius :            3.500
 Checking: Displacement from origin :      0.000
 Checking: Bin width :                     0.100
 Checking: Keeping H atoms
 Checking: Outputting steric map
 Checking: No. of atom types in your database :           2
 Checking: Atom labels and radius in the database :
C    1.700
H    1.090

Checking: No. of atoms of input frame :                   17

Checking: Coordinates of input frame :
H       0.48674   1.73313  -0.75628
C      -0.00139   1.09848  -0.00200
H      -0.49104   1.72822   0.75058
C      -1.05617   0.21294  -0.68593
H      -1.81247   0.84068  -1.17218
H      -0.56650  -0.43413  -1.43848
C      -1.73955  -0.67558   0.37007
H      -2.48617  -1.31799  -0.11404
H      -0.97953  -1.31486   0.86361
H      -2.22920  -0.04583   1.12265
C       1.05551   0.21732   0.68433
H       1.80586   0.84820   1.17572
H       0.56738  -0.41733   1.43861
C       1.74104  -0.67817  -0.36926
H       2.49290  -1.31169   0.12385
H       0.98625  -1.31482  -0.85380
H       2.22917  -0.04352  -1.12354

Results: Coordinates of rotated frame :
          17
CHEt2.log                              
H       0.00000   0.00000   0.00000
C       0.00000   0.00000  -1.10000
H       1.03238   0.00000  -1.47000
C      -0.72125  -1.25865  -1.61000
H      -0.20507  -2.15667  -1.25001
H      -1.76778  -1.25864  -1.25001
C      -0.72126  -1.25864  -3.15000
H      -1.24452  -2.14959  -3.52000
H      -1.24451  -0.35355  -3.52000
H       0.31113  -1.25864  -3.52000
C      -0.72125   1.25866  -1.61001
H      -0.20506   2.15668  -1.24999
H      -0.72125   1.25866  -2.71000
C      -2.17789   1.25866  -1.10000
H      -2.69408   2.15669  -1.47000
H      -2.69408   0.36063  -1.47000
H      -2.17789   1.25866  -0.00000

Results : Volumes in Angs^3

       N of voxels examined :          179579
       Volume of voxel      :       0.0010000


   V Free    V Buried   V Total   V Exact
     118.0      61.4     179.4     179.6

    Buried volume =      61.45 Angs^3

   %V Free   %V Buried  % V Tot/V Ex
      65.8      34.2      99.9

    The %V Bur of the molecule is:     34.2

                 Quadrants analysis
 Quadrant     V f     V b     V t    %V f    %V b
 SW          26.1    18.8    44.9    58.2    41.8
 NW          20.4    24.5    44.9    45.4    54.6
 NE          36.2     8.7    44.9    80.7    19.3
 SE          35.3     9.5    44.9    78.8    21.2

                   Octants analysis
 Octant       V f      V b    V t    %V f    %V b
 SW-z         4.4    18.0    22.4    19.7    80.3
 NW-z         1.5    20.9    22.4     6.7    93.3
 NE-z        14.5     7.9    22.4    64.6    35.4
 SE-z        13.6     8.8    22.4    60.8    39.2
 SW+z        21.7     0.8    22.4    96.6     3.4
 NW+z        18.9     3.6    22.4    84.1    15.9
 NE+z        21.7     0.7    22.4    96.8     3.2
 SE+z        21.7     0.7    22.4    96.8     3.2

  No. of frames analyzed :            1

 Normal termination
