
 ---------------------------------------------------
 |                                                 |
 |              S A M B V C A  2.1                 |
 |                                                 |
 |              Release 29-06-2019                 |
 |                                                 |
 |       Molecular Buried Volume Calculator        |
 |                                                 |
 |  http://www.molnac.unisa.it/OM-tools/SambVca    |
 |                                                 |
 |  L. Cavallo & Z. Cao  Email: lcavallo@unisa.it  |
 |                                                 |
 ---------------------------------------------------

Checking: No. of atoms to be removed :                     0
Checking: No. of atoms defining the sphere center :        1
Checking: Atoms defining the sphere center :
    1
Checking : No. of atoms defining the Z-axis :              1
    2
Checking : No. of atoms defining the XZ-plane :            1
    3
 Checking: Vbur sphere radius :            3.500
 Checking: Displacement from origin :      0.000
 Checking: Bin width :                     0.100
 Checking: Keeping H atoms
 Checking: Outputting steric map
 Checking: No. of atom types in your database :           2
 Checking: Atom labels and radius in the database :
C    1.700
H    1.090

Checking: No. of atoms of input frame :                   18

Checking: Coordinates of input frame :
H      -1.45655   2.01783  -0.10715
C      -0.84895   1.17705   0.25880
H      -0.84821   1.17225   1.35870
C      -1.44758  -0.14802  -0.25863
H      -2.47399  -0.25770   0.11144
H      -1.44280  -0.15086  -1.35520
C      -0.59694  -1.32510   0.25371
H      -0.59599  -1.32578   1.36271
H      -1.01649  -2.27075  -0.11017
C       0.85738  -1.17551  -0.25421
H       1.46498  -2.01628   0.11174
H       0.84830  -1.17567  -1.35167
C       1.44193   0.14812   0.25322
H       1.44289   0.14744   1.36223
H       2.47409   0.25429  -0.10440
C       0.59130   1.32521  -0.25911
H       1.02492   2.27230   0.11477
H       0.59608   1.32237  -1.35568

Results: Coordinates of rotated frame :
          18
cHex.log                               
H       0.00000   0.00000   0.00000
C       0.00000   0.00000  -1.10000
H       1.03581   0.00000  -1.47000
C      -0.72591  -1.26287  -1.61001
H      -0.20457  -2.15792  -1.25001
H      -1.76172  -1.26288  -1.25002
C      -0.72589  -1.26287  -3.15001
H       0.31957  -1.26026  -3.52000
H      -1.24037  -2.15791  -3.52001
C      -1.45064   0.00195  -3.67001
H      -1.45063   0.00195  -4.77001
H      -2.48384  -0.00771  -3.30001
C      -0.73178   1.25255  -3.15000
H       0.31369   1.25516  -3.51999
H      -1.24345   2.15022  -3.52000
C      -0.73178   1.25256  -1.61000
H      -0.21026   2.15986  -1.25000
H      -1.76759   1.25256  -1.25000

Results : Volumes in Angs^3

       N of voxels examined :          179579
       Volume of voxel      :       0.0010000


   V Free    V Buried   V Total   V Exact
     124.8      54.7     179.4     179.6

    Buried volume =      54.69 Angs^3

   %V Free   %V Buried  % V Tot/V Ex
      69.5      30.5      99.9

    The %V Bur of the molecule is:     30.5

                 Quadrants analysis
 Quadrant     V f     V b     V t    %V f    %V b
 SW          27.0    17.8    44.9    60.2    39.8
 NW          27.0    17.9    44.9    60.2    39.8
 NE          35.4     9.5    44.9    78.9    21.1
 SE          35.3     9.5    44.9    78.8    21.2

                   Octants analysis
 Octant       V f      V b    V t    %V f    %V b
 SW-z         5.4    17.1    22.4    23.9    76.1
 NW-z         5.3    17.1    22.4    23.8    76.2
 NE-z        13.7     8.8    22.4    60.9    39.1
 SE-z        13.6     8.8    22.4    60.8    39.2
 SW+z        21.7     0.8    22.4    96.6     3.4
 NW+z        21.7     0.8    22.4    96.6     3.4
 NE+z        21.7     0.7    22.4    96.8     3.2
 SE+z        21.7     0.7    22.4    96.8     3.2

  No. of frames analyzed :            1

 Normal termination
