
 ---------------------------------------------------
 |                                                 |
 |              S A M B V C A  2.1                 |
 |                                                 |
 |              Release 29-06-2019                 |
 |                                                 |
 |       Molecular Buried Volume Calculator        |
 |                                                 |
 |  http://www.molnac.unisa.it/OM-tools/SambVca    |
 |                                                 |
 |  L. Cavallo & Z. Cao  Email: lcavallo@unisa.it  |
 |                                                 |
 ---------------------------------------------------

Checking: No. of atoms to be removed :                     0
Checking: No. of atoms defining the sphere center :        1
Checking: Atoms defining the sphere center :
    1
Checking : No. of atoms defining the Z-axis :              1
    2
Checking : No. of atoms defining the XZ-plane :            1
    3
 Checking: Vbur sphere radius :            3.500
 Checking: Displacement from origin :      0.000
 Checking: Bin width :                     0.100
 Checking: Keeping H atoms
 Checking: Outputting steric map
 Checking: No. of atom types in your database :           2
 Checking: Atom labels and radius in the database :
C    1.700
H    1.090

Checking: No. of atoms of input frame :                   23

Checking: Coordinates of input frame :
H       0.17435  -1.39718  -0.88576
C      -0.00049  -0.76479  -0.00286
H      -0.17590  -1.39678   0.87606
C       1.23439   0.11724   0.24533
H       1.05954   0.74963   1.12823
C       2.46849  -0.76742   0.48798
H       3.34876  -0.13329   0.66908
H       2.28534  -1.40520   1.36951
H       2.64333  -1.39981  -0.39492
C       1.47996   1.01589  -0.98512
H       2.36024   1.65003  -0.80402
H       1.65481   0.38350  -1.86802
H       0.59866   1.65190  -1.15422
C      -1.23460   0.11987  -0.24551
H      -1.05918   0.76919  -1.12438
C      -2.46948  -0.76215  -0.49371
H      -3.35078  -0.12614  -0.66281
H      -2.29463  -1.39454  -1.37661
H      -2.63875  -1.39994   0.39058
C      -1.47938   1.00522   0.99055
H      -2.35295   1.64701   0.81884
H      -1.65479   0.37322   1.86947
H      -0.59137   1.64513   1.16904

Results: Coordinates of rotated frame :
          23
CHiPr2.log                             
H       0.00000   0.00000   0.00000
C       0.00000  -0.00000  -1.10000
H       1.03237  -0.00000  -1.47000
C      -0.72127  -1.25864  -1.61001
H      -0.72126  -1.25863  -2.71001
C      -0.00002  -2.51730  -1.10002
H      -0.51621  -3.41531  -1.47002
H       1.03943  -2.51022  -1.47002
H      -0.00002  -2.51730  -0.00002
C      -2.17790  -1.25863  -1.10000
H      -2.69410  -2.15665  -1.47001
H      -2.17790  -1.25864  -0.00000
H      -2.69408  -0.36060  -1.47000
C      -0.72124   1.25867  -1.60999
H      -1.76776   1.25867  -1.24999
C       0.00001   2.51731  -1.09998
H      -0.51617   3.41534  -1.46997
H       0.00001   2.51730   0.00002
H       1.03945   2.51024  -1.46998
C      -0.72125   1.25867  -3.14999
H      -1.24450   2.14963  -3.51998
H       0.31113   1.25867  -3.51999
H      -1.24452   0.35358  -3.51999

Results : Volumes in Angs^3

       N of voxels examined :          179579
       Volume of voxel      :       0.0010000


   V Free    V Buried   V Total   V Exact
     101.6      77.8     179.4     179.6

    Buried volume =      77.82 Angs^3

   %V Free   %V Buried  % V Tot/V Ex
      56.6      43.4      99.9

    The %V Bur of the molecule is:     43.4

                 Quadrants analysis
 Quadrant     V f     V b     V t    %V f    %V b
 SW          17.9    27.0    44.9    39.8    60.2
 NW          23.5    21.4    44.9    52.3    47.7
 NE          29.7    15.1    44.9    66.3    33.7
 SE          30.6    14.3    44.9    68.1    31.9

                   Octants analysis
 Octant       V f      V b    V t    %V f    %V b
 SW-z         0.4    22.0    22.4     1.7    98.3
 NW-z         3.2    19.2    22.4    14.3    85.7
 NE-z         9.4    13.0    22.4    42.1    57.9
 SE-z        10.3    12.2    22.4    45.7    54.3
 SW+z        17.5     5.0    22.4    77.9    22.1
 NW+z        20.3     2.2    22.4    90.4     9.6
 NE+z        20.3     2.1    22.4    90.5     9.5
 SE+z        20.3     2.1    22.4    90.5     9.5

  No. of frames analyzed :            1

 Normal termination
