
 ---------------------------------------------------
 |                                                 |
 |              S A M B V C A  2.1                 |
 |                                                 |
 |              Release 29-06-2019                 |
 |                                                 |
 |       Molecular Buried Volume Calculator        |
 |                                                 |
 |  http://www.molnac.unisa.it/OM-tools/SambVca    |
 |                                                 |
 |  L. Cavallo & Z. Cao  Email: lcavallo@unisa.it  |
 |                                                 |
 ---------------------------------------------------

Checking: No. of atoms to be removed :                     0
Checking: No. of atoms defining the sphere center :        1
Checking: Atoms defining the sphere center :
    1
Checking : No. of atoms defining the Z-axis :              1
    2
Checking : No. of atoms defining the XZ-plane :            1
    3
 Checking: Vbur sphere radius :            3.500
 Checking: Displacement from origin :      0.000
 Checking: Bin width :                     0.100
 Checking: Keeping H atoms
 Checking: Outputting steric map
 Checking: No. of atom types in your database :           2
 Checking: Atom labels and radius in the database :
C    1.700
H    1.090

Checking: No. of atoms of input frame :                   23

Checking: Coordinates of input frame :
H       0.42003   2.19655  -0.79555
C      -0.00039   1.56193  -0.00151
H      -0.42116   2.19170   0.79161
C      -1.11224   0.67784  -0.59028
H      -1.90780   1.30662  -1.00768
H      -0.69146   0.03075  -1.38339
C      -1.70083  -0.21063   0.52137
H      -0.90093  -0.85096   0.94570
H      -2.12160   0.41914   1.31449
C      -2.80835  -1.10627  -0.06047
H      -3.22876  -1.74089   0.73357
H      -3.60008  -0.47172  -0.48508
H      -2.39190  -1.74182  -0.86050
C       1.11197   0.67933   0.58856
H       1.90335   1.30918   1.01224
H       0.69156   0.04471   1.38260
C       1.70106  -0.21621  -0.52180
H       0.90586  -0.85182  -0.93827
H       2.12148   0.41842  -1.31584
C       2.80909  -1.10459   0.06135
H       3.22604  -1.74013  -0.72454
H       3.60480  -0.46896   0.49195
H       2.38867  -1.73921   0.85540

Results: Coordinates of rotated frame :
          23
CHPr2.log                              
H       0.00000   0.00000   0.00000
C      -0.00000  -0.00000  -1.10000
H       1.03237  -0.00000  -1.47000
C      -0.72126  -1.25864  -1.61000
H      -0.20508  -2.15667  -1.25000
H      -1.76778  -1.25863  -1.24999
C      -0.72126  -1.25864  -3.14999
H      -1.24452  -0.35353  -3.52000
H       0.31111  -1.25864  -3.52000
C      -1.44960  -2.51021  -3.67000
H      -1.44960  -2.51020  -4.77000
H      -0.93342  -3.40823  -3.30000
H      -2.48904  -2.51727  -3.30000
C      -0.72124   1.25866  -1.61000
H      -0.20504   2.15668  -1.24999
H      -0.72124   1.25867  -2.70999
C      -2.17788   1.25867  -1.09999
H      -2.69408   0.36065  -1.46998
H      -2.17787   1.25867   0.00002
C      -2.90620   2.51026  -1.60998
H      -3.93857   2.51026  -1.24998
H      -2.38293   3.41534  -1.24998
H      -2.90619   2.51026  -2.70998

Results : Volumes in Angs^3

       N of voxels examined :          179579
       Volume of voxel      :       0.0010000


   V Free    V Buried   V Total   V Exact
     117.9      61.5     179.4     179.6

    Buried volume =      61.50 Angs^3

   %V Free   %V Buried  % V Tot/V Ex
      65.7      34.3      99.9

    The %V Bur of the molecule is:     34.3

                 Quadrants analysis
 Quadrant     V f     V b     V t    %V f    %V b
 SW          26.1    18.8    44.9    58.2    41.8
 NW          20.3    24.5    44.9    45.3    54.7
 NE          36.2     8.7    44.9    80.7    19.3
 SE          35.3     9.5    44.9    78.8    21.2

                   Octants analysis
 Octant       V f      V b    V t    %V f    %V b
 SW-z         4.4    18.0    22.4    19.7    80.3
 NW-z         1.5    21.0    22.4     6.5    93.5
 NE-z        14.5     7.9    22.4    64.6    35.4
 SE-z        13.6     8.8    22.4    60.8    39.2
 SW+z        21.7     0.8    22.4    96.6     3.4
 NW+z        18.9     3.6    22.4    84.1    15.9
 NE+z        21.7     0.7    22.4    96.8     3.2
 SE+z        21.7     0.7    22.4    96.8     3.2

  No. of frames analyzed :            1

 Normal termination
