
 ---------------------------------------------------
 |                                                 |
 |              S A M B V C A  2.1                 |
 |                                                 |
 |              Release 29-06-2019                 |
 |                                                 |
 |       Molecular Buried Volume Calculator        |
 |                                                 |
 |  http://www.molnac.unisa.it/OM-tools/SambVca    |
 |                                                 |
 |  L. Cavallo & Z. Cao  Email: lcavallo@unisa.it  |
 |                                                 |
 ---------------------------------------------------

Checking: No. of atoms to be removed :                     0
Checking: No. of atoms defining the sphere center :        1
Checking: Atoms defining the sphere center :
    1
Checking : No. of atoms defining the Z-axis :              1
    2
Checking : No. of atoms defining the XZ-plane :            1
    3
 Checking: Vbur sphere radius :            3.500
 Checking: Displacement from origin :      0.000
 Checking: Bin width :                     0.100
 Checking: Keeping H atoms
 Checking: Outputting steric map
 Checking: No. of atom types in your database :           2
 Checking: Atom labels and radius in the database :
C    1.700
H    1.090

Checking: No. of atoms of input frame :                    8

Checking: Coordinates of input frame :
H       0.00000   0.00000   0.00000
C       0.00000   0.00000  -1.10000
H      -1.00000   0.27000  -1.47000
H       0.27000  -1.00000  -1.47000
C       1.03000   1.03000  -1.61000
H       1.03000   1.03000  -2.71000
H       2.03000   0.76000  -1.25000
H       0.76000   2.03000  -1.25000

Results: Coordinates of rotated frame :
           8
ethane                                 
H       0.00000   0.00000   0.00000
C       0.00000   0.00000  -1.10000
H       1.03581  -0.00000  -1.47000
H      -0.52133   0.89505  -1.47000
C      -0.72591  -1.26288  -1.61000
H      -0.72591  -1.26288  -2.71000
H      -1.76171  -1.26288  -1.25000
H      -0.20457  -2.15793  -1.25000

Results : Volumes in Angs^3

       N of voxels examined :          179579
       Volume of voxel      :       0.0010000


   V Free    V Buried   V Total   V Exact
     140.9      38.5     179.4     179.6

    Buried volume =      38.51 Angs^3

   %V Free   %V Buried  % V Tot/V Ex
      78.5      21.5      99.9

    The %V Bur of the molecule is:     21.5

                 Quadrants analysis
 Quadrant     V f     V b     V t    %V f    %V b
 SW          27.7    17.2    44.9    61.7    38.3
 NW          38.2     6.6    44.9    85.2    14.8
 NE          38.8     6.1    44.9    86.5    13.5
 SE          36.2     8.6    44.9    80.8    19.2

                   Octants analysis
 Octant       V f      V b    V t    %V f    %V b
 SW-z         6.0    16.4    22.4    26.7    73.3
 NW-z        16.5     5.9    22.4    73.6    26.4
 NE-z        17.1     5.3    22.4    76.2    23.8
 SE-z        14.5     7.9    22.4    64.8    35.2
 SW+z        21.7     0.8    22.4    96.6     3.4
 NW+z        21.7     0.7    22.4    96.8     3.2
 NE+z        21.7     0.7    22.4    96.8     3.2
 SE+z        21.7     0.7    22.4    96.8     3.2

  No. of frames analyzed :            1

 Normal termination
