
 ---------------------------------------------------
 |                                                 |
 |              S A M B V C A  2.1                 |
 |                                                 |
 |              Release 29-06-2019                 |
 |                                                 |
 |       Molecular Buried Volume Calculator        |
 |                                                 |
 |  http://www.molnac.unisa.it/OM-tools/SambVca    |
 |                                                 |
 |  L. Cavallo & Z. Cao  Email: lcavallo@unisa.it  |
 |                                                 |
 ---------------------------------------------------

Checking: No. of atoms to be removed :                     0
Checking: No. of atoms defining the sphere center :        1
Checking: Atoms defining the sphere center :
    1
Checking : No. of atoms defining the Z-axis :              1
    2
Checking : No. of atoms defining the XZ-plane :            1
    3
 Checking: Vbur sphere radius :            3.500
 Checking: Displacement from origin :      0.000
 Checking: Bin width :                     0.100
 Checking: Keeping H atoms
 Checking: Outputting steric map
 Checking: No. of atom types in your database :           2
 Checking: Atom labels and radius in the database :
C    1.700
H    1.090

Checking: No. of atoms of input frame :                   11

Checking: Coordinates of input frame :
H      -0.89846   1.24819  -0.00000
C      -0.00031   0.61310  -0.00000
H       0.89783   1.24241  -0.00000
C      -0.00031  -0.27024   1.25865
H       0.89783  -0.90533   1.25865
H       0.00377   0.35907   2.15668
H      -0.89846  -0.91688   1.25865
C      -0.00031  -0.27024  -1.25865
H       0.89783  -0.90533  -1.25865
H      -0.89846  -0.91688  -1.25865
H       0.00377   0.35907  -2.15668

Results: Coordinates of rotated frame :
          11
iPr.log                                
H       0.00000   0.00000   0.00000
C       0.00000   0.00000  -1.10001
H       1.03237   0.00000  -1.47000
C      -0.72124  -1.25865  -1.61000
H      -0.72125  -1.25865  -2.71000
H      -0.20506  -2.15668  -1.25000
H      -1.76777  -1.25865  -1.25001
C      -0.72124   1.25865  -1.61000
H      -0.72125   1.25865  -2.71000
H      -1.76777   1.25865  -1.25001
H      -0.20506   2.15668  -1.25000

Results : Volumes in Angs^3

       N of voxels examined :          179579
       Volume of voxel      :       0.0010000


   V Free    V Buried   V Total   V Exact
     127.8      51.7     179.4     179.6

    Buried volume =      51.67 Angs^3

   %V Free   %V Buried  % V Tot/V Ex
      71.2      28.8      99.9

    The %V Bur of the molecule is:     28.8

                 Quadrants analysis
 Quadrant     V f     V b     V t    %V f    %V b
 SW          27.6    17.2    44.9    61.6    38.4
 NW          27.6    17.2    44.9    61.6    38.4
 NE          36.2     8.6    44.9    80.8    19.2
 SE          36.2     8.6    44.9    80.8    19.2

                   Octants analysis
 Octant       V f      V b    V t    %V f    %V b
 SW-z         6.0    16.5    22.4    26.6    73.4
 NW-z         6.0    16.5    22.4    26.6    73.4
 NE-z        14.5     7.9    22.4    64.8    35.2
 SE-z        14.5     7.9    22.4    64.8    35.2
 SW+z        21.7     0.8    22.4    96.6     3.4
 NW+z        21.7     0.8    22.4    96.6     3.4
 NE+z        21.7     0.7    22.4    96.8     3.2
 SE+z        21.7     0.7    22.4    96.8     3.2

  No. of frames analyzed :            1

 Normal termination
