
 ---------------------------------------------------
 |                                                 |
 |              S A M B V C A  2.1                 |
 |                                                 |
 |              Release 29-06-2019                 |
 |                                                 |
 |       Molecular Buried Volume Calculator        |
 |                                                 |
 |  http://www.molnac.unisa.it/OM-tools/SambVca    |
 |                                                 |
 |  L. Cavallo & Z. Cao  Email: lcavallo@unisa.it  |
 |                                                 |
 ---------------------------------------------------

Checking: No. of atoms to be removed :                     0
Checking: No. of atoms defining the sphere center :        1
Checking: Atoms defining the sphere center :
    1
Checking : No. of atoms defining the Z-axis :              1
    2
Checking : No. of atoms defining the XZ-plane :            1
    3
 Checking: Vbur sphere radius :            3.500
 Checking: Displacement from origin :      0.000
 Checking: Bin width :                     0.100
 Checking: Keeping H atoms
 Checking: Outputting steric map
 Checking: No. of atom types in your database :           2
 Checking: Atom labels and radius in the database :
C    1.700
H    1.090

Checking: No. of atoms of input frame :                    5

Checking: Coordinates of input frame :
H       0.00000   0.00000   0.00000
C       0.00000   0.00000  -1.10000
H       0.73000   0.73000  -1.47000
H      -1.00000   0.27000  -1.47000
H       0.27000  -1.00000  -1.47000

Results: Coordinates of rotated frame :
           5
me                                     
H       0.00000   0.00000   0.00000
C       0.00000   0.00000  -1.10000
H       1.03238   0.00000  -1.47000
H      -0.51619   0.89803  -1.47000
H      -0.51619  -0.89803  -1.47000

Results : Volumes in Angs^3

       N of voxels examined :          179579
       Volume of voxel      :       0.0010000


   V Free    V Buried   V Total   V Exact
     154.2      25.2     179.4     179.6

    Buried volume =      25.23 Angs^3

   %V Free   %V Buried  % V Tot/V Ex
      85.9      14.1      99.9

    The %V Bur of the molecule is:     14.1

                 Quadrants analysis
 Quadrant     V f     V b     V t    %V f    %V b
 SW          38.3     6.6    44.9    85.4    14.6
 NW          38.3     6.6    44.9    85.4    14.6
 NE          38.8     6.0    44.9    86.5    13.5
 SE          38.8     6.0    44.9    86.5    13.5

                   Octants analysis
 Octant       V f      V b    V t    %V f    %V b
 SW-z        16.6     5.8    22.4    73.9    26.1
 NW-z        16.6     5.8    22.4    73.9    26.1
 NE-z        17.1     5.3    22.4    76.3    23.7
 SE-z        17.1     5.3    22.4    76.2    23.8
 SW+z        21.7     0.7    22.4    96.8     3.2
 NW+z        21.7     0.7    22.4    96.8     3.2
 NE+z        21.7     0.7    22.4    96.8     3.2
 SE+z        21.7     0.7    22.4    96.8     3.2

  No. of frames analyzed :            1

 Normal termination
