
 ---------------------------------------------------
 |                                                 |
 |              S A M B V C A  2.1                 |
 |                                                 |
 |              Release 29-06-2019                 |
 |                                                 |
 |       Molecular Buried Volume Calculator        |
 |                                                 |
 |  http://www.molnac.unisa.it/OM-tools/SambVca    |
 |                                                 |
 |  L. Cavallo & Z. Cao  Email: lcavallo@unisa.it  |
 |                                                 |
 ---------------------------------------------------

Checking: No. of atoms to be removed :                     0
Checking: No. of atoms defining the sphere center :        1
Checking: Atoms defining the sphere center :
    1
Checking : No. of atoms defining the Z-axis :              1
    2
Checking : No. of atoms defining the XZ-plane :            1
    3
 Checking: Vbur sphere radius :            3.500
 Checking: Displacement from origin :      0.000
 Checking: Bin width :                     0.100
 Checking: Keeping H atoms
 Checking: Outputting steric map
 Checking: No. of atom types in your database :           2
 Checking: Atom labels and radius in the database :
C    1.700
H    1.090

Checking: No. of atoms of input frame :                   14

Checking: Coordinates of input frame :
H       0.00000   0.00000   0.00000
C       0.00000   0.00000  -1.10000
H      -1.00000   0.27000  -1.47000
H       0.27000  -1.00000  -1.47000
C       1.03000   1.03000  -1.61000
H       2.03000   0.76000  -1.25000
H       0.76000   2.03000  -1.25000
C       1.03000   1.03000  -3.15000
H       0.02000   1.30000  -3.52000
H       1.30000   0.02000  -3.52000
C       2.05000   2.05000  -3.67000
H       2.05000   2.05000  -4.77000
H       3.06000   1.78000  -3.30000
H       1.78000   3.06000  -3.30000

Results: Coordinates of rotated frame :
          14
nbu                                    
H       0.00000   0.00000   0.00000
C       0.00000   0.00000  -1.10000
H       1.03581  -0.00000  -1.47000
H      -0.52133   0.89505  -1.47000
C      -0.72591  -1.26288  -1.61000
H      -1.76171  -1.26288  -1.25000
H      -0.20457  -2.15793  -1.25000
C      -0.72591  -1.26288  -3.15000
H       0.31956  -1.26027  -3.52000
H      -1.24984  -0.35817  -3.52000
C      -1.44476  -2.51349  -3.67000
H      -1.44476  -2.51349  -4.77000
H      -2.49023  -2.51610  -3.30000
H      -0.92083  -3.41820  -3.30000

Results : Volumes in Angs^3

       N of voxels examined :          179579
       Volume of voxel      :       0.0010000


   V Free    V Buried   V Total   V Exact
     139.0      40.5     179.4     179.6

    Buried volume =      40.45 Angs^3

   %V Free   %V Buried  % V Tot/V Ex
      77.5      22.5      99.9

    The %V Bur of the molecule is:     22.5

                 Quadrants analysis
 Quadrant     V f     V b     V t    %V f    %V b
 SW          27.2    17.7    44.9    60.6    39.4
 NW          37.7     7.2    44.9    84.0    16.0
 NE          38.8     6.1    44.9    86.4    13.6
 SE          35.3     9.5    44.9    78.8    21.2

                   Octants analysis
 Octant       V f      V b    V t    %V f    %V b
 SW-z         5.5    16.9    22.4    24.6    75.4
 NW-z        16.0     6.5    22.4    71.2    28.8
 NE-z        17.1     5.4    22.4    76.1    23.9
 SE-z        13.6     8.8    22.4    60.8    39.2
 SW+z        21.7     0.8    22.4    96.6     3.4
 NW+z        21.7     0.7    22.4    96.8     3.2
 NE+z        21.7     0.7    22.4    96.8     3.2
 SE+z        21.7     0.7    22.4    96.8     3.2

  No. of frames analyzed :            1

 Normal termination
