
 ---------------------------------------------------
 |                                                 |
 |              S A M B V C A  2.1                 |
 |                                                 |
 |              Release 29-06-2019                 |
 |                                                 |
 |       Molecular Buried Volume Calculator        |
 |                                                 |
 |  http://www.molnac.unisa.it/OM-tools/SambVca    |
 |                                                 |
 |  L. Cavallo & Z. Cao  Email: lcavallo@unisa.it  |
 |                                                 |
 ---------------------------------------------------

Checking: No. of atoms to be removed :                     0
Checking: No. of atoms defining the sphere center :        1
Checking: Atoms defining the sphere center :
    1
Checking : No. of atoms defining the Z-axis :              1
    2
Checking : No. of atoms defining the XZ-plane :            1
    3
 Checking: Vbur sphere radius :            3.500
 Checking: Displacement from origin :      0.000
 Checking: Bin width :                     0.100
 Checking: Keeping H atoms
 Checking: Outputting steric map
 Checking: No. of atom types in your database :           2
 Checking: Atom labels and radius in the database :
C    1.700
H    1.090

Checking: No. of atoms of input frame :                   14

Checking: Coordinates of input frame :
H       1.23147   0.86721  -0.00000
C       0.33332   0.23213  -0.00000
C      -0.92408   1.12702   0.00000
H      -1.82223   0.49194   0.00000
H      -0.92816   1.75633   0.89803
H      -0.92816   1.75633  -0.89803
C       0.33332  -0.65122  -1.25865
H      -0.56482  -1.28630  -1.25865
H       0.32924  -0.02191  -2.15668
H       1.23147  -1.29785  -1.25865
C       0.33332  -0.65122   1.25865
H      -0.56482  -1.28630   1.25865
H       1.23147  -1.29785   1.25865
H       0.32924  -0.02191   2.15668

Results: Coordinates of rotated frame :
          14
tBu.log                                
H       0.00000   0.00000   0.00000
C       0.00000   0.00000  -1.10000
C       1.45663  -0.00000  -1.61001
H       1.45663  -0.00000  -2.71001
H       1.97282   0.89803  -1.25001
H       1.97282  -0.89803  -1.25001
C      -0.72126  -1.25865  -1.61000
H      -0.72126  -1.25865  -2.70999
H      -0.20507  -2.15668  -1.25000
H      -1.76777  -1.25865  -1.24999
C      -0.72126   1.25865  -1.61000
H      -0.72126   1.25865  -2.70999
H      -1.76777   1.25865  -1.24999
H      -0.20507   2.15668  -1.25000

Results : Volumes in Angs^3

       N of voxels examined :          179579
       Volume of voxel      :       0.0010000


   V Free    V Buried   V Total   V Exact
     114.8      64.7     179.4     179.6

    Buried volume =      64.67 Angs^3

   %V Free   %V Buried  % V Tot/V Ex
      64.0      36.0      99.9

    The %V Bur of the molecule is:     36.0

                 Quadrants analysis
 Quadrant     V f     V b     V t    %V f    %V b
 SW          27.6    17.2    44.9    61.6    38.4
 NW          27.6    17.2    44.9    61.6    38.4
 NE          29.7    15.1    44.9    66.3    33.7
 SE          29.7    15.1    44.9    66.3    33.7

                   Octants analysis
 Octant       V f      V b    V t    %V f    %V b
 SW-z         6.0    16.5    22.4    26.6    73.4
 NW-z         6.0    16.5    22.4    26.6    73.4
 NE-z         8.0    14.4    22.4    35.9    64.1
 SE-z         8.0    14.4    22.4    35.9    64.1
 SW+z        21.7     0.8    22.4    96.6     3.4
 NW+z        21.7     0.8    22.4    96.6     3.4
 NE+z        21.7     0.7    22.4    96.7     3.3
 SE+z        21.7     0.7    22.4    96.7     3.3

  No. of frames analyzed :            1

 Normal termination
